<?xml version="1.0" encoding="UTF-8"?>
<coverage generated="1648626143864" clover="3.2.0">
  <project timestamp="1648626143864" name="All files">
    <metrics statements="62" coveredstatements="58" conditionals="10" coveredconditionals="6" methods="21" coveredmethods="21" elements="93" coveredelements="85" complexity="0" loc="62" ncloc="62" packages="1" files="3" classes="3"/>
    <file name="MathBasic.js" path="D:\learning\dicoding\back-end-developer-expert\integration-testing\project\MathBasic.js">
      <metrics statements="16" coveredstatements="14" conditionals="6" coveredconditionals="4" methods="5" coveredmethods="5"/>
      <line num="1" count="1" type="stmt"/>
      <line num="3" count="11" type="cond" truecount="1" falsecount="1"/>
      <line num="4" count="0" type="stmt"/>
      <line num="7" count="11" type="stmt"/>
      <line num="9" count="11" type="cond" truecount="3" falsecount="1"/>
      <line num="10" count="0" type="stmt"/>
      <line num="12" count="11" type="stmt"/>
      <line num="15" count="4" type="stmt"/>
      <line num="16" count="4" type="stmt"/>
      <line num="19" count="1" type="stmt"/>
      <line num="20" count="1" type="stmt"/>
      <line num="23" count="4" type="stmt"/>
      <line num="24" count="4" type="stmt"/>
      <line num="27" count="2" type="stmt"/>
      <line num="28" count="2" type="stmt"/>
      <line num="32" count="1" type="stmt"/>
    </file>
    <file name="createServer.js" path="D:\learning\dicoding\back-end-developer-expert\integration-testing\project\createServer.js">
      <metrics statements="30" coveredstatements="30" conditionals="0" coveredconditionals="0" methods="9" coveredmethods="9"/>
      <line num="1" count="1" type="stmt"/>
      <line num="3" count="1" type="stmt"/>
      <line num="4" count="8" type="stmt"/>
      <line num="9" count="8" type="stmt"/>
      <line num="14" count="1" type="stmt"/>
      <line num="15" count="1" type="stmt"/>
      <line num="16" count="1" type="stmt"/>
      <line num="23" count="1" type="stmt"/>
      <line num="24" count="1" type="stmt"/>
      <line num="25" count="1" type="stmt"/>
      <line num="32" count="1" type="stmt"/>
      <line num="33" count="1" type="stmt"/>
      <line num="34" count="1" type="stmt"/>
      <line num="41" count="1" type="stmt"/>
      <line num="42" count="1" type="stmt"/>
      <line num="43" count="1" type="stmt"/>
      <line num="50" count="1" type="stmt"/>
      <line num="51" count="1" type="stmt"/>
      <line num="52" count="1" type="stmt"/>
      <line num="59" count="1" type="stmt"/>
      <line num="60" count="1" type="stmt"/>
      <line num="61" count="1" type="stmt"/>
      <line num="68" count="1" type="stmt"/>
      <line num="69" count="1" type="stmt"/>
      <line num="72" count="1" type="stmt"/>
      <line num="79" count="1" type="stmt"/>
      <line num="80" count="1" type="stmt"/>
      <line num="81" count="1" type="stmt"/>
      <line num="86" count="8" type="stmt"/>
      <line num="89" count="1" type="stmt"/>
    </file>
    <file name="figureCalculator.js" path="D:\learning\dicoding\back-end-developer-expert\integration-testing\project\figureCalculator.js">
      <metrics statements="16" coveredstatements="14" conditionals="4" coveredconditionals="2" methods="7" coveredmethods="7"/>
      <line num="3" count="4" type="stmt"/>
      <line num="7" count="4" type="cond" truecount="1" falsecount="1"/>
      <line num="8" count="0" type="stmt"/>
      <line num="11" count="4" type="stmt"/>
      <line num="12" count="9" type="cond" truecount="1" falsecount="1"/>
      <line num="13" count="0" type="stmt"/>
      <line num="17" count="4" type="stmt"/>
      <line num="21" count="1" type="stmt"/>
      <line num="24" count="1" type="stmt"/>
      <line num="28" count="1" type="stmt"/>
      <line num="31" count="1" type="stmt"/>
      <line num="35" count="1" type="stmt"/>
      <line num="38" count="1" type="stmt"/>
      <line num="42" count="1" type="stmt"/>
      <line num="45" count="1" type="stmt"/>
      <line num="49" count="1" type="stmt"/>
    </file>
  </project>
</coverage>
