TN:
SF:project\MathBasic.js
FN:2,(anonymous_0)
FN:14,(anonymous_1)
FN:18,(anonymous_2)
FN:22,(anonymous_3)
FN:26,(anonymous_4)
FNF:5
FNH:5
FNDA:11,(anonymous_0)
FNDA:4,(anonymous_1)
FNDA:1,(anonymous_2)
FNDA:4,(anonymous_3)
FNDA:2,(anonymous_4)
DA:1,1
DA:3,11
DA:4,0
DA:7,11
DA:9,11
DA:10,0
DA:12,11
DA:15,4
DA:16,4
DA:19,1
DA:20,1
DA:23,4
DA:24,4
DA:27,2
DA:28,2
DA:32,1
LF:16
LH:14
BRDA:3,0,0,0
BRDA:3,0,1,11
BRDA:9,1,0,0
BRDA:9,1,1,11
BRDA:9,2,0,11
BRDA:9,2,1,11
BRF:6
BRH:4
end_of_record
TN:
SF:project\createServer.js
FN:3,(anonymous_0)
FN:13,(anonymous_1)
FN:22,(anonymous_2)
FN:31,(anonymous_3)
FN:40,(anonymous_4)
FN:49,(anonymous_5)
FN:58,(anonymous_6)
FN:67,(anonymous_7)
FN:78,(anonymous_8)
FNF:9
FNH:9
FNDA:8,(anonymous_0)
FNDA:1,(anonymous_1)
FNDA:1,(anonymous_2)
FNDA:1,(anonymous_3)
FNDA:1,(anonymous_4)
FNDA:1,(anonymous_5)
FNDA:1,(anonymous_6)
FNDA:1,(anonymous_7)
FNDA:1,(anonymous_8)
DA:1,1
DA:3,1
DA:4,8
DA:9,8
DA:14,1
DA:15,1
DA:16,1
DA:23,1
DA:24,1
DA:25,1
DA:32,1
DA:33,1
DA:34,1
DA:41,1
DA:42,1
DA:43,1
DA:50,1
DA:51,1
DA:52,1
DA:59,1
DA:60,1
DA:61,1
DA:68,1
DA:69,1
DA:72,1
DA:79,1
DA:80,1
DA:81,1
DA:86,8
DA:89,1
LF:30
LH:30
BRF:0
BRH:0
end_of_record
TN:
SF:project\figureCalculator.js
FN:2,(anonymous_0)
FN:6,(anonymous_1)
FN:11,(anonymous_2)
FN:20,(anonymous_3)
FN:27,(anonymous_4)
FN:34,(anonymous_5)
FN:41,(anonymous_6)
FNF:7
FNH:7
FNDA:4,(anonymous_0)
FNDA:4,(anonymous_1)
FNDA:9,(anonymous_2)
FNDA:1,(anonymous_3)
FNDA:1,(anonymous_4)
FNDA:1,(anonymous_5)
FNDA:1,(anonymous_6)
DA:3,4
DA:7,4
DA:8,0
DA:11,4
DA:12,9
DA:13,0
DA:17,4
DA:21,1
DA:24,1
DA:28,1
DA:31,1
DA:35,1
DA:38,1
DA:42,1
DA:45,1
DA:49,1
LF:16
LH:14
BRDA:7,0,0,0
BRDA:7,0,1,4
BRDA:12,1,0,0
BRDA:12,1,1,9
BRF:4
BRH:2
end_of_record
