TN:
SF:project\MathBasic.js
FN:2,(anonymous_0)
FN:14,(anonymous_1)
FN:18,(anonymous_2)
FN:22,(anonymous_3)
FN:26,(anonymous_4)
FNF:5
FNH:4
FNDA:7,(anonymous_0)
FNDA:3,(anonymous_1)
FNDA:0,(anonymous_2)
FNDA:3,(anonymous_3)
FNDA:1,(anonymous_4)
DA:1,1
DA:3,7
DA:4,0
DA:7,7
DA:9,7
DA:10,0
DA:12,7
DA:15,3
DA:16,3
DA:19,0
DA:20,0
DA:23,3
DA:24,3
DA:27,1
DA:28,1
DA:32,1
LF:16
LH:12
BRDA:3,0,0,0
BRDA:3,0,1,7
BRDA:9,1,0,0
BRDA:9,1,1,7
BRDA:9,2,0,7
BRDA:9,2,1,7
BRF:6
BRH:4
end_of_record
TN:
SF:project\figureCalculator.js
FN:2,(anonymous_0)
FN:6,(anonymous_1)
FN:11,(anonymous_2)
FN:19,(anonymous_3)
FN:25,(anonymous_4)
FN:31,(anonymous_5)
FN:38,(anonymous_6)
FNF:7
FNH:7
FNDA:13,(anonymous_0)
FNDA:20,(anonymous_1)
FNDA:14,(anonymous_2)
FNDA:7,(anonymous_3)
FNDA:11,(anonymous_4)
FNDA:1,(anonymous_5)
FNDA:1,(anonymous_6)
DA:3,13
DA:7,20
DA:8,12
DA:11,8
DA:12,14
DA:13,3
DA:16,5
DA:20,7
DA:23,1
DA:26,11
DA:29,2
DA:32,1
DA:35,1
DA:39,1
DA:42,1
DA:46,1
LF:16
LH:16
BRDA:7,0,0,12
BRDA:7,0,1,8
BRDA:12,1,0,3
BRDA:12,1,1,11
BRF:4
BRH:4
end_of_record
